2025-02-09 16:13:00,495 [INFO] Логирование инициализировано.
2025-02-09 16:13:00,495 [INFO] Backup folder: backup\2025-02-09_16-13-00
2025-02-09 16:13:00,495 [INFO] CSV лог инициализирован: backup\2025-02-09_16-13-00\training_metrics.csv
2025-02-09 16:13:00,543 [INFO] Using GPU: NVIDIA GeForce RTX 3060
2025-02-09 16:13:00,543 [INFO] Training parameters: {'in_channels': 1, 'hidden_channels': 256, 'latent_dim': 64, 'num_encoder_layers': 3, 'num_decoder_layers': 3, 'use_batch_norm': False, 'dropout_rate': 0.0, 'learning_rate': 0.0001, 'batch_size': 10, 'num_epochs': 30}
2025-02-09 16:13:03,136 [INFO] Starting training on LibriSpeech subset...
2025-02-09 16:13:20,750 [INFO] Epoch [1/30], Average Loss: 0.016095
2025-02-09 16:13:35,600 [INFO] Epoch [2/30], Average Loss: 0.006294 (Improved by 0.009802)
2025-02-09 16:13:49,641 [INFO] Epoch [3/30], Average Loss: 0.002001 (Improved by 0.004292)
2025-02-09 16:14:03,407 [INFO] Epoch [4/30], Average Loss: 0.001030 (Improved by 0.000971)
2025-02-09 16:14:12,294 [INFO] Epoch [5/30], Average Loss: 0.000690 (Improved by 0.000340)
2025-02-09 16:14:20,744 [INFO] Epoch [6/30], Average Loss: 0.000458 (Improved by 0.000231)
2025-02-09 16:14:28,972 [INFO] Epoch [7/30], Average Loss: 0.000357 (Improved by 0.000102)
2025-02-09 16:14:37,167 [INFO] Epoch [8/30], Average Loss: 0.000296 (Improved by 0.000061)
2025-02-09 16:14:45,626 [INFO] Epoch [9/30], Average Loss: 0.000261 (Improved by 0.000035)
2025-02-09 16:14:55,177 [INFO] Epoch [10/30], Average Loss: 0.000231 (Improved by 0.000031)
2025-02-09 16:15:03,673 [INFO] Epoch [11/30], Average Loss: 0.000214 (Improved by 0.000016)
2025-02-09 16:15:17,983 [INFO] Epoch [12/30], Average Loss: 0.000204 (Improved by 0.000010)
2025-02-09 16:15:32,291 [INFO] Epoch [13/30], Average Loss: 0.000247 (Worsened by 0.000042)
2025-02-09 16:15:45,896 [INFO] Epoch [14/30], Average Loss: 0.000182 (Improved by 0.000064)
2025-02-09 16:15:58,114 [INFO] Epoch [15/30], Average Loss: 0.000159 (Improved by 0.000024)
2025-02-09 16:16:10,449 [INFO] Epoch [16/30], Average Loss: 0.000147 (Improved by 0.000012)
2025-02-09 16:16:22,786 [INFO] Epoch [17/30], Average Loss: 0.000140 (Improved by 0.000007)
2025-02-09 16:16:36,861 [INFO] Epoch [18/30], Average Loss: 0.000132 (Improved by 0.000008)
2025-02-09 16:16:50,587 [INFO] Epoch [19/30], Average Loss: 0.000133 (Worsened by 0.000001)
2025-02-09 16:17:05,421 [INFO] Epoch [20/30], Average Loss: 0.000122 (Improved by 0.000011)
2025-02-09 16:17:20,274 [INFO] Epoch [21/30], Average Loss: 0.000147 (Worsened by 0.000025)
2025-02-09 16:17:34,141 [INFO] Epoch [22/30], Average Loss: 0.000117 (Improved by 0.000030)
2025-02-09 16:17:48,714 [INFO] Epoch [23/30], Average Loss: 0.000110 (Improved by 0.000007)
2025-02-09 16:18:04,128 [INFO] Epoch [24/30], Average Loss: 0.000107 (Improved by 0.000002)
2025-02-09 16:18:17,829 [INFO] Epoch [25/30], Average Loss: 0.000098 (Improved by 0.000009)
2025-02-09 16:18:30,994 [INFO] Epoch [26/30], Average Loss: 0.000116 (Worsened by 0.000018)
2025-02-09 16:18:42,177 [INFO] Epoch [27/30], Average Loss: 0.000092 (Improved by 0.000024)
2025-02-09 16:18:57,417 [INFO] Epoch [28/30], Average Loss: 0.000083 (Improved by 0.000009)
2025-02-09 16:19:09,871 [INFO] Epoch [29/30], Average Loss: 0.000093 (Worsened by 0.000010)
2025-02-09 16:19:21,589 [INFO] Epoch [30/30], Average Loss: 0.000072 (Improved by 0.000022)
2025-02-09 16:19:21,589 [INFO] Testing model and saving examples to output folder...
2025-02-09 16:19:27,659 [INFO] Saved: output\original_0.wav and output\reconstructed_0.wav
2025-02-09 16:19:27,723 [INFO] Saved: output\original_1.wav and output\reconstructed_1.wav
2025-02-09 16:19:27,771 [INFO] Saved: output\original_2.wav and output\reconstructed_2.wav
2025-02-09 16:19:27,819 [INFO] Saved: output\original_3.wav and output\reconstructed_3.wav
2025-02-09 16:19:27,867 [INFO] Saved: output\original_4.wav and output\reconstructed_4.wav
2025-02-09 16:19:27,915 [INFO] Saved: output\original_5.wav and output\reconstructed_5.wav
2025-02-09 16:19:28,745 [INFO] Final loss = 0.000072 -> Category: 'good'. Files copied to backup\2025-02-09_16-13-00\2025-02-09\good
