2025-02-09 16:07:57,889 [INFO] Логирование инициализировано.
2025-02-09 16:07:57,889 [INFO] Backup folder: backup\2025-02-09_16-07-57
2025-02-09 16:07:57,889 [INFO] CSV лог инициализирован: backup\2025-02-09_16-07-57\training_metrics.csv
2025-02-09 16:07:57,935 [INFO] Using GPU: NVIDIA GeForce RTX 3060
2025-02-09 16:07:57,935 [INFO] Training parameters: {'in_channels': 1, 'hidden_channels': 256, 'latent_dim': 64, 'num_encoder_layers': 3, 'num_decoder_layers': 3, 'use_batch_norm': False, 'dropout_rate': 0.0, 'learning_rate': 0.0001, 'batch_size': 10, 'num_epochs': 20}
2025-02-09 16:07:59,413 [INFO] Starting training on LibriSpeech subset...
2025-02-09 16:08:10,621 [INFO] Epoch [1/20], Average Loss: 0.007968
2025-02-09 16:08:22,257 [INFO] Epoch [2/20], Average Loss: 0.003369 (Improved by 0.004599)
2025-02-09 16:08:31,869 [INFO] Epoch [3/20], Average Loss: 0.001275 (Improved by 0.002094)
2025-02-09 16:08:41,205 [INFO] Epoch [4/20], Average Loss: 0.000819 (Improved by 0.000455)
2025-02-09 16:08:50,265 [INFO] Epoch [5/20], Average Loss: 0.000567 (Improved by 0.000253)
2025-02-09 16:08:59,614 [INFO] Epoch [6/20], Average Loss: 0.000398 (Improved by 0.000169)
2025-02-09 16:09:09,454 [INFO] Epoch [7/20], Average Loss: 0.000326 (Improved by 0.000072)
2025-02-09 16:09:19,876 [INFO] Epoch [8/20], Average Loss: 0.000316 (Improved by 0.000010)
2025-02-09 16:09:31,185 [INFO] Epoch [9/20], Average Loss: 0.000275 (Improved by 0.000041)
2025-02-09 16:09:43,478 [INFO] Epoch [10/20], Average Loss: 0.000235 (Improved by 0.000039)
2025-02-09 16:09:55,571 [INFO] Epoch [11/20], Average Loss: 0.000221 (Improved by 0.000015)
2025-02-09 16:10:09,340 [INFO] Epoch [12/20], Average Loss: 0.000220 (Improved by 0.000000)
2025-02-09 16:10:20,878 [INFO] Epoch [13/20], Average Loss: 0.000190 (Improved by 0.000030)
2025-02-09 16:10:32,489 [INFO] Epoch [14/20], Average Loss: 0.000182 (Improved by 0.000009)
2025-02-09 16:10:45,255 [INFO] Epoch [15/20], Average Loss: 0.000167 (Improved by 0.000015)
2025-02-09 16:10:53,785 [INFO] Epoch [16/20], Average Loss: 0.000152 (Improved by 0.000015)
2025-02-09 16:11:09,013 [INFO] Epoch [17/20], Average Loss: 0.000154 (Worsened by 0.000001)
2025-02-09 16:11:25,073 [INFO] Epoch [18/20], Average Loss: 0.000136 (Improved by 0.000018)
2025-02-09 16:11:39,353 [INFO] Epoch [19/20], Average Loss: 0.000146 (Worsened by 0.000009)
2025-02-09 16:11:53,705 [INFO] Epoch [20/20], Average Loss: 0.000141 (Improved by 0.000005)
2025-02-09 16:11:53,705 [INFO] Testing model and saving examples to output folder...
2025-02-09 16:11:59,325 [INFO] Saved: output\original_0.wav and output\reconstructed_0.wav
2025-02-09 16:11:59,518 [INFO] Saved: output\original_1.wav and output\reconstructed_1.wav
2025-02-09 16:11:59,742 [INFO] Saved: output\original_2.wav and output\reconstructed_2.wav
2025-02-09 16:12:00,030 [INFO] Saved: output\original_3.wav and output\reconstructed_3.wav
2025-02-09 16:12:00,302 [INFO] Saved: output\original_4.wav and output\reconstructed_4.wav
2025-02-09 16:12:00,574 [INFO] Saved: output\original_5.wav and output\reconstructed_5.wav
2025-02-09 16:12:01,278 [INFO] Final loss = 0.000141 -> Category: 'good'. Files copied to backup\2025-02-09_16-07-57\2025-02-09\good
