[2025-05-06 20:04:43] Привет
[2025-05-06 20:04:47] Как дела
[2025-05-06 20:04:56] /зомби
[2025-05-06 20:05:14] Гнида
[2025-05-06 20:38:26] Сучка (БС97.2;РВБ00.1;ВЛ00.1;ГОС01.1;ИЗ00.1;КПО00.5;МБ00.1;ПСП00.1;ПД00.4;СС00.2)
[2025-05-06 20:38:36] Добрый день, мы из банка (БС02.9;РВБ00.7;ВЛ00.3;ГОС08.9;ИЗ00.8;КПО84.4;МБ00.4;ПСП00.4;ПД00.3;СС00.9)
[2025-05-06 20:39:00] Бро, займи денег, срочно! (БС14.5;РВБ00.9;ВЛ00.9;ГОС34.7;ИЗ01.4;КПО09.9;МБ00.4;ПСП00.6;ПД22.4;СС14.3)
[2025-05-06 20:51:56] Бро, займи денег, срочно! (БС14.5;РВБ00.9;ВЛ00.9;ГОС34.7;ИЗ01.4;КПО09.9;МБ00.4;ПСП00.6;ПД22.4;СС14.3)
[2025-05-06 20:53:30] Бро, займи денег, срочно! (БС14.5;РВБ00.9;ВЛ00.9;ГОС34.7;ИЗ01.4;КПО09.9;МБ00.4;ПСП00.6;ПД22.4;СС14.3)
[2025-05-06 20:53:47] Бро, займи денег, срочно! (БС14.5;РВБ00.9;ВЛ00.9;ГОС34.7;ИЗ01.4;КПО09.9;МБ00.4;ПСП00.6;ПД22.4;СС14.3)
[2025-05-06 20:53:48] Бро, займи денег, срочно! (БС14.5;РВБ00.9;ВЛ00.9;ГОС34.7;ИЗ01.4;КПО09.9;МБ00.4;ПСП00.6;ПД22.4;СС14.3)
[2025-05-07 00:57:36] фвц (БС61.7;РВБ00.9;ВЛ00.7;ГОС25.6;ИЗ01.0;КПО06.8;МБ01.0;ПСП01.3;ПД00.6;СС00.4)
[2025-05-07 00:58:01] Привте (БС89.0;РВБ00.5;ВЛ00.3;ГОС06.2;ИЗ00.3;КПО01.8;МБ00.3;ПСП00.3;ПД00.8;СС00.6)
[2025-05-07 00:58:13] Хеллоу? (БС94.0;РВБ00.2;ВЛ00.2;ГОС03.1;ИЗ00.1;КПО01.7;МБ00.1;ПСП00.1;ПД00.3;СС00.2)
[2025-05-07 00:58:19] TTS ERROR: Timed out
[2025-05-07 01:13:14] Хеллоу (БС94.0;РВБ00.4;ВЛ00.3;ГОС02.6;ИЗ00.2;КПО00.8;МБ00.3;ПСП00.3;ПД00.6;СС00.4)
[2025-05-07 01:13:31] Хеллоу (БС94.0;РВБ00.4;ВЛ00.3;ГОС02.6;ИЗ00.2;КПО00.8;МБ00.3;ПСП00.3;ПД00.6;СС00.4)
[2025-05-07 01:25:32] Псих (БС83.8;РВБ00.5;ВЛ00.4;ГОС09.3;ИЗ00.4;КПО04.2;МБ00.3;ПСП00.3;ПД00.4;СС00.3)
[2025-05-07 01:25:50] Как дела? (БС51.9;РВБ00.5;ВЛ00.4;ГОС38.5;ИЗ00.5;КПО06.5;МБ00.3;ПСП00.3;ПД00.6;СС00.6)
[2025-05-07 01:25:58] Займи денег пожалуйста (БС01.3;РВБ00.5;ВЛ00.1;ГОС92.2;ИЗ00.4;КПО02.0;МБ00.2;ПСП00.5;ПД00.2;СС02.4)
[2025-05-07 01:43:32] Привет (БС86.2;РВБ00.6;ВЛ00.2;ГОС09.8;ИЗ00.4;КПО01.6;МБ00.2;ПСП00.3;ПД00.3;СС00.5)
[2025-05-07 01:45:03] Привет (БС86.2;РВБ00.6;ВЛ00.2;ГОС09.8;ИЗ00.4;КПО01.6;МБ00.2;ПСП00.3;ПД00.3;СС00.5)
[2025-05-07 01:45:09] TTS ERROR: Timed out
[2025-05-07 01:48:23] Привет (БС86.2;РВБ00.6;ВЛ00.2;ГОС09.8;ИЗ00.4;КПО01.6;МБ00.2;ПСП00.3;ПД00.3;СС00.5)
[2025-05-07 01:50:16] Привет (БС86.2;РВБ00.6;ВЛ00.2;ГОС09.8;ИЗ00.4;КПО01.6;МБ00.2;ПСП00.3;ПД00.3;СС00.5)
[2025-05-07 01:50:45] Как твои дела? Алло, это я, Саша! (БС03.1;РВБ00.3;ВЛ01.3;ГОС01.4;ИЗ01.1;КПО00.6;МБ00.5;ПСП00.3;ПД85.5;СС05.9)
[2025-05-07 01:52:10] Привет (БС86.2;РВБ00.6;ВЛ00.2;ГОС09.8;ИЗ00.4;КПО01.6;МБ00.2;ПСП00.3;ПД00.3;СС00.5)
[2025-05-07 01:52:24] Как твои дела, дурачок? Скучал? (БС95.7;РВБ00.1;ВЛ00.2;ГОС02.1;ИЗ00.1;КПО01.0;МБ00.1;ПСП00.1;ПД00.3;СС00.2)
[2025-05-07 01:53:38] Ало, милашик, это я , давно ждал? (БС43.1;РВБ00.4;ВЛ01.3;ГОС03.3;ИЗ01.0;КПО02.7;МБ00.4;ПСП00.3;ПД42.8;СС04.8)
